<?xml version="1.0" encoding="UTF-8"?>
<testsuite name="com.jfbonline.peopledb.repository.PeopleRepositoryTests" tests="1" skipped="0" failures="0" errors="0" timestamp="2022-04-30T11:28:48" hostname="ALINASWE" time="0.769">
  <properties/>
  <testcase name="canFindPersonById()" classname="com.jfbonline.peopledb.repository.PeopleRepositoryTests" time="0.769"/>
  <system-out><![CDATA[Records affected: 1
]]></system-out>
  <system-err><![CDATA[]]></system-err>
</testsuite>
